

================================================================
== Vivado HLS Report for 'Block_proc'
================================================================
* Date:           Mon Apr 29 23:35:12 2019

* Version:        2017.2 (Build 1909853 on Thu Jun 15 18:55:24 MDT 2017)
* Project:        trem
* Solution:       solution1
* Product family: zynq
* Target device:  xc7z100ffg900-1


================================================================
== Performance Estimates
================================================================
+ Timing (ns): 
    * Summary: 
    +--------+-------+----------+------------+
    |  Clock | Target| Estimated| Uncertainty|
    +--------+-------+----------+------------+
    |ap_clk  |  10.00|      0.00|        1.25|
    +--------+-------+----------+------------+

+ Latency (clock cycles): 
    * Summary: 
    +-----+-----+-----+-----+---------+
    |  Latency  |  Interval | Pipeline|
    | min | max | min | max |   Type  |
    +-----+-----+-----+-----+---------+
    |    1|    1|    1|    1|   none  |
    +-----+-----+-----+-----+---------+

    + Detail: 
        * Instance: 
        N/A

        * Loop: 
        N/A



================================================================
== Utilization Estimates
================================================================
* Summary: 
+-----------------+---------+-------+--------+--------+
|       Name      | BRAM_18K| DSP48E|   FF   |   LUT  |
+-----------------+---------+-------+--------+--------+
|DSP              |        -|      -|       -|       -|
|Expression       |        -|      -|       0|       7|
|FIFO             |        -|      -|       -|       -|
|Instance         |        -|      -|       -|       -|
|Memory           |        -|      -|       -|       -|
|Multiplexer      |        -|      -|       -|      57|
|Register         |        -|      -|      71|       -|
+-----------------+---------+-------+--------+--------+
|Total            |        0|      0|      71|      64|
+-----------------+---------+-------+--------+--------+
|Available        |     1510|   2020|  554800|  277400|
+-----------------+---------+-------+--------+--------+
|Utilization (%)  |        0|      0|   ~0   |   ~0   |
+-----------------+---------+-------+--------+--------+

+ Detail: 
    * Instance: 
    N/A

    * DSP48: 
    N/A

    * Memory: 
    N/A

    * FIFO: 
    N/A

    * Expression: 
    +-----------------------+----------+-------+---+----+------------+------------+
    |     Variable Name     | Operation| DSP48E| FF| LUT| Bitwidth P0| Bitwidth P1|
    +-----------------------+----------+-------+---+----+------------+------------+
    |in_V_0_load_A          |    and   |      0|  0|   2|           1|           1|
    |in_V_0_load_B          |    and   |      0|  0|   2|           1|           1|
    |in_V_0_state_cmp_full  |   icmp   |      0|  0|   1|           2|           1|
    |ap_block_state1        |    or    |      0|  0|   2|           1|           1|
    +-----------------------+----------+-------+---+----+------------+------------+
    |Total                  |          |      0|  0|   7|           5|           4|
    +-----------------------+----------+-------+---+----+------------+------------+

    * Multiplexer: 
    +------------------+----+-----------+-----+-----------+
    |       Name       | LUT| Input Size| Bits| Total Bits|
    +------------------+----+-----------+-----+-----------+
    |ap_NS_fsm         |  15|          3|    1|          3|
    |ap_done           |   9|          2|    1|          2|
    |in_V_0_data_out   |   9|          2|   32|         64|
    |in_V_0_state      |  15|          3|    2|          6|
    |in_V_TDATA_blk_n  |   9|          2|    1|          2|
    +------------------+----+-----------+-----+-----------+
    |Total             |  57|         12|   37|         77|
    +------------------+----+-----------+-----+-----------+

    * Register: 
    +------------------+----+----+-----+-----------+
    |       Name       | FF | LUT| Bits| Const Bits|
    +------------------+----+----+-----+-----------+
    |ap_CS_fsm         |   2|   0|    2|          0|
    |ap_done_reg       |   1|   0|    1|          0|
    |in_V_0_payload_A  |  32|   0|   32|          0|
    |in_V_0_payload_B  |  32|   0|   32|          0|
    |in_V_0_sel_rd     |   1|   0|    1|          0|
    |in_V_0_sel_wr     |   1|   0|    1|          0|
    |in_V_0_state      |   2|   0|    2|          0|
    +------------------+----+----+-----+-----------+
    |Total             |  71|   0|   71|          0|
    +------------------+----+----+-----+-----------+



================================================================
== Interface
================================================================
* Summary: 
+-------------+-----+-----+------------+--------------+--------------+
|  RTL Ports  | Dir | Bits|  Protocol  | Source Object|    C Type    |
+-------------+-----+-----+------------+--------------+--------------+
|ap_clk       |  in |    1| ap_ctrl_hs |  Block__proc | return value |
|ap_rst       |  in |    1| ap_ctrl_hs |  Block__proc | return value |
|ap_start     |  in |    1| ap_ctrl_hs |  Block__proc | return value |
|ap_done      | out |    1| ap_ctrl_hs |  Block__proc | return value |
|ap_continue  |  in |    1| ap_ctrl_hs |  Block__proc | return value |
|ap_idle      | out |    1| ap_ctrl_hs |  Block__proc | return value |
|ap_ready     | out |    1| ap_ctrl_hs |  Block__proc | return value |
|ap_return    | out |   32| ap_ctrl_hs |  Block__proc | return value |
|in_V_TDATA   |  in |   32|    axis    |     in_V     |    pointer   |
|in_V_TVALID  |  in |    1|    axis    |     in_V     |    pointer   |
|in_V_TREADY  | out |    1|    axis    |     in_V     |    pointer   |
+-------------+-----+-----+------------+--------------+--------------+

